2012-02-10 09:51:18 Notice: Notice (1024): Please change the value of 'Security.salt' in app/config/core.php to a salt value specific to your application in [/Users/alan/Sites/clients/waterside/site/cake/libs/debugger.php, line 697]
2012-02-10 09:51:18 Notice: Notice (1024): Please change the value of 'Security.cipherSeed' in app/config/core.php to a numeric (digits only) seed value specific to your application in [/Users/alan/Sites/clients/waterside/site/cake/libs/debugger.php, line 701]
2012-02-10 10:11:50 Notice: Notice (1024): Please change the value of 'Security.salt' in app/config/core.php to a salt value specific to your application in [/Users/alan/Sites/clients/waterside/site/cake/libs/debugger.php, line 697]
2012-02-10 10:11:50 Notice: Notice (1024): Please change the value of 'Security.cipherSeed' in app/config/core.php to a numeric (digits only) seed value specific to your application in [/Users/alan/Sites/clients/waterside/site/cake/libs/debugger.php, line 701]
2012-02-10 10:38:21 Notice: Notice (8): Undefined variable: asides in [/Users/alan/Sites/clients/waterside/site/app/views/layouts/frontend.ctp, line 76]
2012-02-10 10:40:33 Notice: Notice (8): Undefined variable: asides in [/Users/alan/Sites/clients/waterside/site/app/views/layouts/frontend.ctp, line 76]
2012-02-10 10:48:37 Notice: Notice (8): Undefined variable: asides in [/Users/alan/Sites/clients/waterside/site/app/views/layouts/frontend.ctp, line 76]
2012-02-10 14:54:48 Notice: Notice (8): Undefined property: View::$Waterside in [/Users/alan/Sites/clients/waterside/site/app/views/frontend/index.ctp, line 57]
2012-02-10 14:55:24 Notice: Notice (8): Undefined property: View::$Waterside in [/Users/alan/Sites/clients/waterside/site/app/views/frontend/index.ctp, line 57]
2012-02-10 14:55:46 Notice: Notice (8): Undefined property: View::$Waterside in [/Users/alan/Sites/clients/waterside/site/app/views/frontend/index.ctp, line 57]
2012-02-10 14:56:03 Notice: Notice (8): Undefined property: View::$Waterside in [/Users/alan/Sites/clients/waterside/site/app/views/frontend/index.ctp, line 57]
2012-02-10 14:56:24 Notice: Notice (8): Undefined property: View::$Waterside in [/Users/alan/Sites/clients/waterside/site/app/views/frontend/index.ctp, line 57]
2012-02-10 15:06:40 Notice: Notice (8): Undefined variable: sidebar_events in [/Users/alan/Sites/clients/waterside/site/app/views/elements/aside-music.ctp, line 12]
2012-02-10 15:07:05 Notice: Notice (8): Undefined variable: sidebar_events in [/Users/alan/Sites/clients/waterside/site/app/views/elements/aside-music.ctp, line 12]
2012-02-10 15:07:49 Notice: Notice (8): Undefined variable: sidebar_events in [/Users/alan/Sites/clients/waterside/site/app/views/elements/aside-music.ctp, line 12]
2012-02-10 15:19:44 Notice: Notice (8): Undefined property: FrontendController::$Event in [/Users/alan/Sites/clients/waterside/site/app/controllers/app_controller.php, line 13]
2012-02-10 15:44:01 Notice: Notice (8): Undefined property: View::$Waterside in [/Users/alan/Sites/clients/waterside/site/app/views/events/index.ctp, line 26]
2012-02-10 15:44:40 Notice: Notice (8): Undefined property: View::$Session in [/Users/alan/Sites/clients/waterside/site/app/views/layouts/default.ctp, line 43]
2012-02-10 15:44:53 Notice: Notice (8): Undefined property: View::$Form in [/Users/alan/Sites/clients/waterside/site/app/views/events/add.ctp, line 2]
2012-03-30 15:54:33 Notice: Notice (8): Undefined index:  query in [/home/watersid/public_html/app/views/helpers/waterside.php, line 19]
2012-03-30 16:02:35 Notice: Notice (8): Undefined index:  query in [/home/watersid/public_html/app/views/helpers/waterside.php, line 19]
2012-03-30 16:03:29 Notice: Notice (8): Undefined index:  query in [/home/watersid/public_html/app/views/helpers/waterside.php, line 19]
2012-03-30 16:11:12 Notice: Notice (8): Undefined index:  query in [/home/watersid/public_html/app/views/helpers/waterside.php, line 19]
2012-03-30 16:12:05 Notice: Notice (8): Undefined index:  query in [/home/watersid/public_html/app/views/helpers/waterside.php, line 19]
2012-03-30 16:17:38 Notice: Notice (8): Undefined index:  query in [/home/watersid/public_html/app/views/helpers/waterside.php, line 19]
2012-03-30 16:18:54 Notice: Notice (8): Undefined index:  query in [/home/watersid/public_html/app/views/helpers/waterside.php, line 19]
2012-03-30 16:20:25 Notice: Notice (8): Undefined index:  query in [/home/watersid/public_html/app/views/helpers/waterside.php, line 19]
2012-03-30 16:20:27 Notice: Notice (8): Undefined index:  query in [/home/watersid/public_html/app/views/helpers/waterside.php, line 19]
2012-03-30 16:30:28 Notice: Notice (8): Undefined index:  query in [/home/watersid/public_html/app/views/helpers/waterside.php, line 19]
2012-03-30 16:35:31 Notice: Notice (8): Undefined index:  query in [/home/watersid/public_html/app/views/helpers/waterside.php, line 19]
2012-03-30 16:37:41 Notice: Notice (8): Undefined index:  query in [/home/watersid/public_html/app/views/helpers/waterside.php, line 19]
2012-03-30 16:47:32 Notice: Notice (8): Undefined index:  query in [/home/watersid/public_html/app/views/helpers/waterside.php, line 19]
2012-03-30 17:05:19 Notice: Notice (8): Undefined index:  query in [/home/watersid/public_html/app/views/helpers/waterside.php, line 19]
2012-03-30 17:08:35 Notice: Notice (8): Undefined index:  query in [/home/watersid/public_html/app/views/helpers/waterside.php, line 19]
2012-03-30 17:10:58 Notice: Notice (8): Undefined index:  query in [/home/watersid/public_html/app/views/helpers/waterside.php, line 19]
2012-03-30 17:12:22 Notice: Notice (8): Undefined index:  query in [/home/watersid/public_html/app/views/helpers/waterside.php, line 19]
2012-03-30 17:13:08 Notice: Notice (8): Undefined index:  query in [/home/watersid/public_html/app/views/helpers/waterside.php, line 19]
2012-03-30 17:15:36 Notice: Notice (8): Undefined index:  query in [/home/watersid/public_html/app/views/helpers/waterside.php, line 19]
2012-03-30 17:17:29 Notice: Notice (8): Undefined index:  query in [/home/watersid/public_html/app/views/helpers/waterside.php, line 19]
2012-03-30 17:18:25 Notice: Notice (8): Undefined index:  query in [/home/watersid/public_html/app/views/helpers/waterside.php, line 19]
2012-03-30 17:18:30 Notice: Notice (8): Undefined index:  query in [/home/watersid/public_html/app/views/helpers/waterside.php, line 19]
2012-03-30 17:21:31 Notice: Notice (8): Undefined index:  query in [/home/watersid/public_html/app/views/helpers/waterside.php, line 19]
