2012-02-10 15:06:40 Warning: Warning (2): Invalid argument supplied for foreach() in [/Users/alan/Sites/clients/waterside/site/app/views/elements/aside-music.ctp, line 12]
2012-02-10 15:07:05 Warning: Warning (2): Invalid argument supplied for foreach() in [/Users/alan/Sites/clients/waterside/site/app/views/elements/aside-music.ctp, line 12]
2012-02-10 15:07:49 Warning: Warning (2): Invalid argument supplied for foreach() in [/Users/alan/Sites/clients/waterside/site/app/views/elements/aside-music.ctp, line 12]
2012-02-10 16:03:48 Warning: Warning (2): mysql_connect() [<a href='http://php.net/function.mysql-connect'>function.mysql-connect</a>]: Access denied for user 'root'@'localhost' (using password: YES) in [/home/watersid/public_html/cake/libs/model/datasources/dbo/dbo_mysql.php, line 561]
2012-02-10 16:03:48 Warning: Warning (2): mysql_query(): supplied argument is not a valid MySQL-Link resource in [/home/watersid/public_html/cake/libs/model/datasources/dbo/dbo_mysql.php, line 613]
2012-02-10 16:03:48 Warning: Warning (2): Cannot modify header information - headers already sent by (output started at /home/watersid/public_html/cake/libs/debugger.php:686) in [/home/watersid/public_html/cake/libs/controller/controller.php, line 742]
2012-04-20 03:06:34 Warning: Warning (512): <span style="color:Red;text-align:left"><b>SQL Error:</b> 2013: Lost connection to MySQL server during query</span> in [/home/watersid/public_html/cake/libs/model/datasources/dbo_source.php, line 684]
2012-04-20 03:15:10 Warning: Warning (2): Invalid argument supplied for foreach() in [/home/watersid/public_html/cake/libs/model/datasources/dbo/dbo_mysql.php, line 127]
2012-06-24 07:20:00 Warning: Warning (2): unlink(/home/watersid/public_html/app/tmp/cache/persistent/cake_core_default_zh-cn) [<a href='http://php.net/function.unlink'>function.unlink</a>]: No such file or directory in [/home/watersid/public_html/cake/libs/file.php, line 298]
2012-07-15 21:35:00 Warning: Warning (2): fopen(/home/watersid/public_html/app/tmp/cache/models/cake_model_default_events) [<a href='http://php.net/function.fopen'>function.fopen</a>]: failed to open stream: No such file or directory in [/home/watersid/public_html/cake/libs/file.php, line 152]
2012-09-18 11:03:24 Warning: Warning (2): unlink(/home/watersid/public_html/app/tmp/cache/persistent/cake_core_dir_map) [<a href='http://php.net/function.unlink'>function.unlink</a>]: No such file or directory in [/home/watersid/public_html/cake/libs/file.php, line 298]
2012-11-10 11:13:43 Warning: Warning (512): <span style="color:Red;text-align:left"><b>SQL Error:</b> 1030: Got error 28 from storage engine</span> in [/home/watersid/public_html/cake/libs/model/datasources/dbo_source.php, line 684]
2012-11-10 11:13:43 Warning: Warning (2): Invalid argument supplied for foreach() in [/home/watersid/public_html/cake/libs/model/datasources/dbo/dbo_mysql.php, line 127]
2012-11-10 11:13:43 Warning: Warning (2): array_keys() [<a href='http://php.net/function.array-keys'>function.array-keys</a>]: The first argument should be an array in [/home/watersid/public_html/cake/libs/model/datasources/dbo_source.php, line 1965]
2012-11-10 11:13:43 Warning: Warning (2): array_keys() [<a href='http://php.net/function.array-keys'>function.array-keys</a>]: The first argument should be an array in [/home/watersid/public_html/cake/libs/model/datasources/dbo_source.php, line 1978]
2012-11-10 11:13:43 Warning: Warning (2): array_filter() [<a href='http://php.net/function.array-filter'>function.array-filter</a>]: The first argument should be an array in [/home/watersid/public_html/cake/libs/model/datasources/dbo_source.php, line 1982]
2012-11-10 11:13:43 Warning: Warning (2): array_values() [<a href='http://php.net/function.array-values'>function.array-values</a>]: The argument should be an array in [/home/watersid/public_html/cake/libs/model/datasources/dbo_source.php, line 1982]
2012-11-10 11:13:43 Warning: Warning (2): array_unique() [<a href='http://php.net/function.array-unique'>function.array-unique</a>]: The argument should be an array in [/home/watersid/public_html/cake/libs/model/datasources/dbo_source.php, line 2064]
2012-11-10 11:13:43 Warning: Warning (2): array_unique() [<a href='http://php.net/function.array-unique'>function.array-unique</a>]: The argument should be an array in [/home/watersid/public_html/cake/libs/model/datasources/dbo_source.php, line 1250]
2012-11-10 11:13:43 Warning: Warning (2): implode() [<a href='http://php.net/function.implode'>function.implode</a>]: Invalid arguments passed in [/home/watersid/public_html/cake/libs/model/datasources/dbo_source.php, line 1472]
2012-11-10 11:13:43 Warning: Warning (512): <span style="color:Red;text-align:left"><b>SQL Error:</b> 1064: You have an error in your SQL syntax; check the manual that corresponds to your MySQL server version for the right syntax to use near 'FROM `events` AS `Event`   WHERE `Event`.`date` >= CURRENT_DATE() AND `Event`.`s' at line 1</span> in [/home/watersid/public_html/cake/libs/model/datasources/dbo_source.php, line 684]
2012-11-10 11:13:43 Warning: Warning (2): Invalid argument supplied for foreach() in [/home/watersid/public_html/app/views/elements/aside-music.ctp, line 11]
2012-11-10 11:36:59 Warning: Warning (512): <span style="color:Red;text-align:left"><b>SQL Error:</b> 1030: Got error 28 from storage engine</span> in [/home/watersid/public_html/cake/libs/model/datasources/dbo_source.php, line 684]
2012-11-10 11:36:59 Warning: Warning (2): Invalid argument supplied for foreach() in [/home/watersid/public_html/cake/libs/model/datasources/dbo/dbo_mysql.php, line 127]
2012-11-10 11:36:59 Warning: Warning (2): array_keys() [<a href='http://php.net/function.array-keys'>function.array-keys</a>]: The first argument should be an array in [/home/watersid/public_html/cake/libs/model/datasources/dbo_source.php, line 1965]
2012-11-10 11:36:59 Warning: Warning (2): array_keys() [<a href='http://php.net/function.array-keys'>function.array-keys</a>]: The first argument should be an array in [/home/watersid/public_html/cake/libs/model/datasources/dbo_source.php, line 1978]
2012-11-10 11:36:59 Warning: Warning (2): array_filter() [<a href='http://php.net/function.array-filter'>function.array-filter</a>]: The first argument should be an array in [/home/watersid/public_html/cake/libs/model/datasources/dbo_source.php, line 1982]
2012-11-10 11:36:59 Warning: Warning (2): array_values() [<a href='http://php.net/function.array-values'>function.array-values</a>]: The argument should be an array in [/home/watersid/public_html/cake/libs/model/datasources/dbo_source.php, line 1982]
2012-11-10 11:36:59 Warning: Warning (2): array_unique() [<a href='http://php.net/function.array-unique'>function.array-unique</a>]: The argument should be an array in [/home/watersid/public_html/cake/libs/model/datasources/dbo_source.php, line 2064]
2012-11-10 11:36:59 Warning: Warning (2): array_unique() [<a href='http://php.net/function.array-unique'>function.array-unique</a>]: The argument should be an array in [/home/watersid/public_html/cake/libs/model/datasources/dbo_source.php, line 1250]
2012-11-10 11:36:59 Warning: Warning (2): implode() [<a href='http://php.net/function.implode'>function.implode</a>]: Invalid arguments passed in [/home/watersid/public_html/cake/libs/model/datasources/dbo_source.php, line 1472]
2012-11-10 11:36:59 Warning: Warning (512): <span style="color:Red;text-align:left"><b>SQL Error:</b> 1064: You have an error in your SQL syntax; check the manual that corresponds to your MySQL server version for the right syntax to use near 'FROM `events` AS `Event`   WHERE `Event`.`date` >= CURRENT_DATE() AND `Event`.`s' at line 1</span> in [/home/watersid/public_html/cake/libs/model/datasources/dbo_source.php, line 684]
2012-11-10 11:36:59 Warning: Warning (2): Invalid argument supplied for foreach() in [/home/watersid/public_html/app/views/elements/aside-music.ctp, line 11]
2012-11-10 11:38:23 Warning: Warning (512): <span style="color:Red;text-align:left"><b>SQL Error:</b> 1030: Got error 28 from storage engine</span> in [/home/watersid/public_html/cake/libs/model/datasources/dbo_source.php, line 684]
2012-11-10 11:38:23 Warning: Warning (2): Invalid argument supplied for foreach() in [/home/watersid/public_html/cake/libs/model/datasources/dbo/dbo_mysql.php, line 127]
2012-11-10 11:38:23 Warning: Warning (2): array_keys() [<a href='http://php.net/function.array-keys'>function.array-keys</a>]: The first argument should be an array in [/home/watersid/public_html/cake/libs/model/datasources/dbo_source.php, line 1965]
2012-11-10 11:38:23 Warning: Warning (2): array_keys() [<a href='http://php.net/function.array-keys'>function.array-keys</a>]: The first argument should be an array in [/home/watersid/public_html/cake/libs/model/datasources/dbo_source.php, line 1978]
2012-11-10 11:38:23 Warning: Warning (2): array_filter() [<a href='http://php.net/function.array-filter'>function.array-filter</a>]: The first argument should be an array in [/home/watersid/public_html/cake/libs/model/datasources/dbo_source.php, line 1982]
2012-11-10 11:38:23 Warning: Warning (2): array_values() [<a href='http://php.net/function.array-values'>function.array-values</a>]: The argument should be an array in [/home/watersid/public_html/cake/libs/model/datasources/dbo_source.php, line 1982]
2012-11-10 11:38:23 Warning: Warning (2): array_unique() [<a href='http://php.net/function.array-unique'>function.array-unique</a>]: The argument should be an array in [/home/watersid/public_html/cake/libs/model/datasources/dbo_source.php, line 2064]
2012-11-10 11:38:23 Warning: Warning (2): array_unique() [<a href='http://php.net/function.array-unique'>function.array-unique</a>]: The argument should be an array in [/home/watersid/public_html/cake/libs/model/datasources/dbo_source.php, line 1250]
2012-11-10 11:38:23 Warning: Warning (2): implode() [<a href='http://php.net/function.implode'>function.implode</a>]: Invalid arguments passed in [/home/watersid/public_html/cake/libs/model/datasources/dbo_source.php, line 1472]
2012-11-10 11:38:23 Warning: Warning (512): <span style="color:Red;text-align:left"><b>SQL Error:</b> 1064: You have an error in your SQL syntax; check the manual that corresponds to your MySQL server version for the right syntax to use near 'FROM `events` AS `Event`   WHERE `Event`.`date` >= CURRENT_DATE() AND `Event`.`s' at line 1</span> in [/home/watersid/public_html/cake/libs/model/datasources/dbo_source.php, line 684]
2012-11-10 11:38:23 Warning: Warning (2): Invalid argument supplied for foreach() in [/home/watersid/public_html/app/views/elements/aside-music.ctp, line 11]
2012-11-10 11:38:38 Warning: Warning (512): <span style="color:Red;text-align:left"><b>SQL Error:</b> 1030: Got error 28 from storage engine</span> in [/home/watersid/public_html/cake/libs/model/datasources/dbo_source.php, line 684]
2012-11-10 11:38:38 Warning: Warning (512): <span style="color:Red;text-align:left"><b>SQL Error:</b> 1030: Got error 28 from storage engine</span> in [/home/watersid/public_html/cake/libs/model/datasources/dbo_source.php, line 684]
2012-11-10 11:38:38 Warning: Warning (2): Invalid argument supplied for foreach() in [/home/watersid/public_html/cake/libs/model/datasources/dbo/dbo_mysql.php, line 127]
2012-11-10 11:38:38 Warning: Warning (2): Invalid argument supplied for foreach() in [/home/watersid/public_html/cake/libs/model/datasources/dbo/dbo_mysql.php, line 127]
2012-11-10 11:38:38 Warning: Warning (2): array_keys() [<a href='http://php.net/function.array-keys'>function.array-keys</a>]: The first argument should be an array in [/home/watersid/public_html/cake/libs/model/datasources/dbo_source.php, line 1965]
2012-11-10 11:38:38 Warning: Warning (2): array_keys() [<a href='http://php.net/function.array-keys'>function.array-keys</a>]: The first argument should be an array in [/home/watersid/public_html/cake/libs/model/datasources/dbo_source.php, line 1965]
2012-11-10 11:38:38 Warning: Warning (2): array_keys() [<a href='http://php.net/function.array-keys'>function.array-keys</a>]: The first argument should be an array in [/home/watersid/public_html/cake/libs/model/datasources/dbo_source.php, line 1978]
2012-11-10 11:38:38 Warning: Warning (2): array_filter() [<a href='http://php.net/function.array-filter'>function.array-filter</a>]: The first argument should be an array in [/home/watersid/public_html/cake/libs/model/datasources/dbo_source.php, line 1982]
2012-11-10 11:38:38 Warning: Warning (2): array_keys() [<a href='http://php.net/function.array-keys'>function.array-keys</a>]: The first argument should be an array in [/home/watersid/public_html/cake/libs/model/datasources/dbo_source.php, line 1978]
2012-11-10 11:38:38 Warning: Warning (2): array_values() [<a href='http://php.net/function.array-values'>function.array-values</a>]: The argument should be an array in [/home/watersid/public_html/cake/libs/model/datasources/dbo_source.php, line 1982]
2012-11-10 11:38:38 Warning: Warning (2): array_filter() [<a href='http://php.net/function.array-filter'>function.array-filter</a>]: The first argument should be an array in [/home/watersid/public_html/cake/libs/model/datasources/dbo_source.php, line 1982]
2012-11-10 11:38:38 Warning: Warning (2): array_unique() [<a href='http://php.net/function.array-unique'>function.array-unique</a>]: The argument should be an array in [/home/watersid/public_html/cake/libs/model/datasources/dbo_source.php, line 2064]
2012-11-10 11:38:38 Warning: Warning (2): array_values() [<a href='http://php.net/function.array-values'>function.array-values</a>]: The argument should be an array in [/home/watersid/public_html/cake/libs/model/datasources/dbo_source.php, line 1982]
2012-11-10 11:38:38 Warning: Warning (2): array_unique() [<a href='http://php.net/function.array-unique'>function.array-unique</a>]: The argument should be an array in [/home/watersid/public_html/cake/libs/model/datasources/dbo_source.php, line 2064]
2012-11-10 11:38:38 Warning: Warning (2): array_unique() [<a href='http://php.net/function.array-unique'>function.array-unique</a>]: The argument should be an array in [/home/watersid/public_html/cake/libs/model/datasources/dbo_source.php, line 1250]
2012-11-10 11:38:38 Warning: Warning (2): implode() [<a href='http://php.net/function.implode'>function.implode</a>]: Invalid arguments passed in [/home/watersid/public_html/cake/libs/model/datasources/dbo_source.php, line 1472]
2012-11-10 11:38:38 Warning: Warning (2): array_unique() [<a href='http://php.net/function.array-unique'>function.array-unique</a>]: The argument should be an array in [/home/watersid/public_html/cake/libs/model/datasources/dbo_source.php, line 1250]
2012-11-10 11:38:38 Warning: Warning (512): <span style="color:Red;text-align:left"><b>SQL Error:</b> 1064: You have an error in your SQL syntax; check the manual that corresponds to your MySQL server version for the right syntax to use near 'FROM `events` AS `Event`   WHERE `Event`.`date` >= CURRENT_DATE() AND `Event`.`s' at line 1</span> in [/home/watersid/public_html/cake/libs/model/datasources/dbo_source.php, line 684]
2012-11-10 11:38:38 Warning: Warning (2): implode() [<a href='http://php.net/function.implode'>function.implode</a>]: Invalid arguments passed in [/home/watersid/public_html/cake/libs/model/datasources/dbo_source.php, line 1472]
2012-11-10 11:38:38 Warning: Warning (512): <span style="color:Red;text-align:left"><b>SQL Error:</b> 1064: You have an error in your SQL syntax; check the manual that corresponds to your MySQL server version for the right syntax to use near 'FROM `events` AS `Event`   WHERE `Event`.`date` >= CURRENT_DATE() AND `Event`.`s' at line 1</span> in [/home/watersid/public_html/cake/libs/model/datasources/dbo_source.php, line 684]
2012-11-10 11:38:39 Warning: Warning (2): Invalid argument supplied for foreach() in [/home/watersid/public_html/app/views/frontend/music.ctp, line 26]
2012-11-10 11:38:39 Warning: Warning (2): Invalid argument supplied for foreach() in [/home/watersid/public_html/app/views/elements/aside-music.ctp, line 11]
2012-11-10 13:58:06 Warning: Warning (512): <span style="color:Red;text-align:left"><b>SQL Error:</b> 1030: Got error 28 from storage engine</span> in [/home/watersid/public_html/cake/libs/model/datasources/dbo_source.php, line 684]
2012-11-10 13:58:06 Warning: Warning (2): Invalid argument supplied for foreach() in [/home/watersid/public_html/cake/libs/model/datasources/dbo/dbo_mysql.php, line 127]
2012-11-10 13:58:06 Warning: Warning (2): array_keys() [<a href='http://php.net/function.array-keys'>function.array-keys</a>]: The first argument should be an array in [/home/watersid/public_html/cake/libs/model/datasources/dbo_source.php, line 1965]
2012-11-10 13:58:06 Warning: Warning (2): array_keys() [<a href='http://php.net/function.array-keys'>function.array-keys</a>]: The first argument should be an array in [/home/watersid/public_html/cake/libs/model/datasources/dbo_source.php, line 1978]
2012-11-10 13:58:06 Warning: Warning (2): array_filter() [<a href='http://php.net/function.array-filter'>function.array-filter</a>]: The first argument should be an array in [/home/watersid/public_html/cake/libs/model/datasources/dbo_source.php, line 1982]
2012-11-10 13:58:06 Warning: Warning (2): array_values() [<a href='http://php.net/function.array-values'>function.array-values</a>]: The argument should be an array in [/home/watersid/public_html/cake/libs/model/datasources/dbo_source.php, line 1982]
2012-11-10 13:58:06 Warning: Warning (2): array_unique() [<a href='http://php.net/function.array-unique'>function.array-unique</a>]: The argument should be an array in [/home/watersid/public_html/cake/libs/model/datasources/dbo_source.php, line 2064]
2012-11-10 13:58:06 Warning: Warning (2): array_unique() [<a href='http://php.net/function.array-unique'>function.array-unique</a>]: The argument should be an array in [/home/watersid/public_html/cake/libs/model/datasources/dbo_source.php, line 1250]
2012-11-10 13:58:06 Warning: Warning (2): implode() [<a href='http://php.net/function.implode'>function.implode</a>]: Invalid arguments passed in [/home/watersid/public_html/cake/libs/model/datasources/dbo_source.php, line 1472]
2012-11-10 13:58:06 Warning: Warning (512): <span style="color:Red;text-align:left"><b>SQL Error:</b> 1064: You have an error in your SQL syntax; check the manual that corresponds to your MySQL server version for the right syntax to use near 'FROM `events` AS `Event`   WHERE `Event`.`date` >= CURRENT_DATE() AND `Event`.`s' at line 1</span> in [/home/watersid/public_html/cake/libs/model/datasources/dbo_source.php, line 684]
2012-11-10 13:58:06 Warning: Warning (2): Invalid argument supplied for foreach() in [/home/watersid/public_html/app/views/elements/aside-music.ctp, line 11]
2012-11-10 14:51:38 Warning: Warning (512): <span style="color:Red;text-align:left"><b>SQL Error:</b> 1030: Got error 28 from storage engine</span> in [/home/watersid/public_html/cake/libs/model/datasources/dbo_source.php, line 684]
2012-11-10 14:51:38 Warning: Warning (2): Invalid argument supplied for foreach() in [/home/watersid/public_html/cake/libs/model/datasources/dbo/dbo_mysql.php, line 127]
2012-11-10 14:51:38 Warning: Warning (2): array_keys() [<a href='http://php.net/function.array-keys'>function.array-keys</a>]: The first argument should be an array in [/home/watersid/public_html/cake/libs/model/datasources/dbo_source.php, line 1965]
2012-11-10 14:51:38 Warning: Warning (2): array_keys() [<a href='http://php.net/function.array-keys'>function.array-keys</a>]: The first argument should be an array in [/home/watersid/public_html/cake/libs/model/datasources/dbo_source.php, line 1978]
2012-11-10 14:51:38 Warning: Warning (2): array_filter() [<a href='http://php.net/function.array-filter'>function.array-filter</a>]: The first argument should be an array in [/home/watersid/public_html/cake/libs/model/datasources/dbo_source.php, line 1982]
2012-11-10 14:51:38 Warning: Warning (2): array_values() [<a href='http://php.net/function.array-values'>function.array-values</a>]: The argument should be an array in [/home/watersid/public_html/cake/libs/model/datasources/dbo_source.php, line 1982]
2012-11-10 14:51:38 Warning: Warning (2): array_unique() [<a href='http://php.net/function.array-unique'>function.array-unique</a>]: The argument should be an array in [/home/watersid/public_html/cake/libs/model/datasources/dbo_source.php, line 2064]
2012-11-10 14:51:38 Warning: Warning (2): array_unique() [<a href='http://php.net/function.array-unique'>function.array-unique</a>]: The argument should be an array in [/home/watersid/public_html/cake/libs/model/datasources/dbo_source.php, line 1250]
2012-11-10 14:51:38 Warning: Warning (2): implode() [<a href='http://php.net/function.implode'>function.implode</a>]: Invalid arguments passed in [/home/watersid/public_html/cake/libs/model/datasources/dbo_source.php, line 1472]
2012-11-10 14:51:38 Warning: Warning (512): <span style="color:Red;text-align:left"><b>SQL Error:</b> 1064: You have an error in your SQL syntax; check the manual that corresponds to your MySQL server version for the right syntax to use near 'FROM `events` AS `Event`   WHERE `Event`.`date` >= CURRENT_DATE() AND `Event`.`s' at line 1</span> in [/home/watersid/public_html/cake/libs/model/datasources/dbo_source.php, line 684]
2012-11-10 14:51:38 Warning: Warning (2): Invalid argument supplied for foreach() in [/home/watersid/public_html/app/views/elements/aside-music.ctp, line 11]
2012-11-10 14:51:52 Warning: Warning (512): <span style="color:Red;text-align:left"><b>SQL Error:</b> 1030: Got error 28 from storage engine</span> in [/home/watersid/public_html/cake/libs/model/datasources/dbo_source.php, line 684]
2012-11-10 14:51:52 Warning: Warning (2): Invalid argument supplied for foreach() in [/home/watersid/public_html/cake/libs/model/datasources/dbo/dbo_mysql.php, line 127]
2012-11-10 14:51:52 Warning: Warning (2): array_keys() [<a href='http://php.net/function.array-keys'>function.array-keys</a>]: The first argument should be an array in [/home/watersid/public_html/cake/libs/model/datasources/dbo_source.php, line 1965]
2012-11-10 14:51:52 Warning: Warning (2): array_keys() [<a href='http://php.net/function.array-keys'>function.array-keys</a>]: The first argument should be an array in [/home/watersid/public_html/cake/libs/model/datasources/dbo_source.php, line 1978]
2012-11-10 14:51:52 Warning: Warning (2): array_filter() [<a href='http://php.net/function.array-filter'>function.array-filter</a>]: The first argument should be an array in [/home/watersid/public_html/cake/libs/model/datasources/dbo_source.php, line 1982]
2012-11-10 14:51:52 Warning: Warning (2): array_values() [<a href='http://php.net/function.array-values'>function.array-values</a>]: The argument should be an array in [/home/watersid/public_html/cake/libs/model/datasources/dbo_source.php, line 1982]
2012-11-10 14:51:52 Warning: Warning (2): array_unique() [<a href='http://php.net/function.array-unique'>function.array-unique</a>]: The argument should be an array in [/home/watersid/public_html/cake/libs/model/datasources/dbo_source.php, line 2064]
2012-11-10 14:51:52 Warning: Warning (2): array_unique() [<a href='http://php.net/function.array-unique'>function.array-unique</a>]: The argument should be an array in [/home/watersid/public_html/cake/libs/model/datasources/dbo_source.php, line 1250]
2012-11-10 14:51:52 Warning: Warning (2): implode() [<a href='http://php.net/function.implode'>function.implode</a>]: Invalid arguments passed in [/home/watersid/public_html/cake/libs/model/datasources/dbo_source.php, line 1472]
2012-11-10 14:51:52 Warning: Warning (512): <span style="color:Red;text-align:left"><b>SQL Error:</b> 1064: You have an error in your SQL syntax; check the manual that corresponds to your MySQL server version for the right syntax to use near 'FROM `events` AS `Event`   WHERE `Event`.`date` >= CURRENT_DATE() AND `Event`.`s' at line 1</span> in [/home/watersid/public_html/cake/libs/model/datasources/dbo_source.php, line 684]
2012-11-10 14:51:52 Warning: Warning (2): Invalid argument supplied for foreach() in [/home/watersid/public_html/app/views/frontend/music.ctp, line 26]
2012-11-10 14:53:31 Warning: Warning (512): <span style="color:Red;text-align:left"><b>SQL Error:</b> 1030: Got error 28 from storage engine</span> in [/home/watersid/public_html/cake/libs/model/datasources/dbo_source.php, line 684]
2012-11-10 14:53:31 Warning: Warning (2): Invalid argument supplied for foreach() in [/home/watersid/public_html/cake/libs/model/datasources/dbo/dbo_mysql.php, line 127]
2012-11-10 14:53:31 Warning: Warning (2): array_keys() [<a href='http://php.net/function.array-keys'>function.array-keys</a>]: The first argument should be an array in [/home/watersid/public_html/cake/libs/model/datasources/dbo_source.php, line 1965]
2012-11-10 14:53:31 Warning: Warning (2): array_keys() [<a href='http://php.net/function.array-keys'>function.array-keys</a>]: The first argument should be an array in [/home/watersid/public_html/cake/libs/model/datasources/dbo_source.php, line 1978]
2012-11-10 14:53:31 Warning: Warning (2): array_filter() [<a href='http://php.net/function.array-filter'>function.array-filter</a>]: The first argument should be an array in [/home/watersid/public_html/cake/libs/model/datasources/dbo_source.php, line 1982]
2012-11-10 14:53:31 Warning: Warning (2): array_values() [<a href='http://php.net/function.array-values'>function.array-values</a>]: The argument should be an array in [/home/watersid/public_html/cake/libs/model/datasources/dbo_source.php, line 1982]
2012-11-10 14:53:31 Warning: Warning (2): array_unique() [<a href='http://php.net/function.array-unique'>function.array-unique</a>]: The argument should be an array in [/home/watersid/public_html/cake/libs/model/datasources/dbo_source.php, line 2064]
2012-11-10 14:53:31 Warning: Warning (2): array_unique() [<a href='http://php.net/function.array-unique'>function.array-unique</a>]: The argument should be an array in [/home/watersid/public_html/cake/libs/model/datasources/dbo_source.php, line 1250]
2012-11-10 14:53:31 Warning: Warning (2): implode() [<a href='http://php.net/function.implode'>function.implode</a>]: Invalid arguments passed in [/home/watersid/public_html/cake/libs/model/datasources/dbo_source.php, line 1472]
2012-11-10 14:53:31 Warning: Warning (512): <span style="color:Red;text-align:left"><b>SQL Error:</b> 1064: You have an error in your SQL syntax; check the manual that corresponds to your MySQL server version for the right syntax to use near 'FROM `events` AS `Event`   WHERE `Event`.`date` >= CURRENT_DATE() AND `Event`.`s' at line 1</span> in [/home/watersid/public_html/cake/libs/model/datasources/dbo_source.php, line 684]
2012-11-10 14:53:31 Warning: Warning (2): Invalid argument supplied for foreach() in [/home/watersid/public_html/app/views/elements/aside-music.ctp, line 11]
2013-03-22 02:48:53 Warning: Warning (2): mysql_connect() [<a href='http://php.net/function.mysql-connect'>function.mysql-connect</a>]: Too many connections in [/home/watersid/public_html/cake/libs/model/datasources/dbo/dbo_mysql.php, line 561]
2013-03-22 02:48:53 Warning: Warning (2): mysql_connect() [<a href='http://php.net/function.mysql-connect'>function.mysql-connect</a>]: Too many connections in [/home/watersid/public_html/cake/libs/model/datasources/dbo/dbo_mysql.php, line 561]
2013-03-22 02:48:53 Warning: Warning (2): mysql_query() expects parameter 2 to be resource, boolean given in [/home/watersid/public_html/cake/libs/model/datasources/dbo/dbo_mysql.php, line 613]
2013-03-22 02:48:53 Warning: Warning (2): mysql_query() expects parameter 2 to be resource, boolean given in [/home/watersid/public_html/cake/libs/model/datasources/dbo/dbo_mysql.php, line 613]
2013-03-22 02:48:53 Warning: Warning (2): Cannot modify header information - headers already sent by (output started at /home/watersid/public_html/cake/libs/debugger.php:686) in [/home/watersid/public_html/cake/libs/controller/controller.php, line 742]
2013-03-22 02:48:53 Warning: Warning (2): Cannot modify header information - headers already sent by (output started at /home/watersid/public_html/cake/libs/debugger.php:686) in [/home/watersid/public_html/cake/libs/controller/controller.php, line 742]
2013-03-22 02:48:59 Warning: Warning (2): mysql_connect() [<a href='http://php.net/function.mysql-connect'>function.mysql-connect</a>]: Too many connections in [/home/watersid/public_html/cake/libs/model/datasources/dbo/dbo_mysql.php, line 561]
2013-03-22 02:48:59 Warning: Warning (2): mysql_query() expects parameter 2 to be resource, boolean given in [/home/watersid/public_html/cake/libs/model/datasources/dbo/dbo_mysql.php, line 613]
2013-03-22 02:48:59 Warning: Warning (2): Cannot modify header information - headers already sent by (output started at /home/watersid/public_html/cake/libs/debugger.php:686) in [/home/watersid/public_html/cake/libs/controller/controller.php, line 742]
2013-07-05 12:30:52 Warning: Warning (2): mysql_connect() [<a href='http://php.net/function.mysql-connect'>function.mysql-connect</a>]: Can't connect to local MySQL server through socket '/var/lib/mysql/mysql.sock' (2) in [/home/watersid/public_html/cake/libs/model/datasources/dbo/dbo_mysql.php, line 561]
2013-07-05 12:30:53 Warning: Warning (2): mysql_query() expects parameter 2 to be resource, boolean given in [/home/watersid/public_html/cake/libs/model/datasources/dbo/dbo_mysql.php, line 613]
2013-07-05 12:30:53 Warning: Warning (2): Cannot modify header information - headers already sent by (output started at /home/watersid/public_html/cake/libs/debugger.php:686) in [/home/watersid/public_html/cake/libs/controller/controller.php, line 742]
2013-07-11 06:38:20 Warning: Warning (2): unlink(/home/watersid/public_html/app/tmp/cache/persistent/cake_core_file_map) [<a href='http://php.net/function.unlink'>function.unlink</a>]: No such file or directory in [/home/watersid/public_html/cake/libs/file.php, line 298]
2013-07-26 01:32:08 Warning: Warning (2): mysql_connect() [<a href='http://php.net/function.mysql-connect'>function.mysql-connect</a>]: Too many connections in [/home/watersid/public_html/cake/libs/model/datasources/dbo/dbo_mysql.php, line 561]
2013-07-26 01:32:09 Warning: Warning (2): mysql_query() expects parameter 2 to be resource, boolean given in [/home/watersid/public_html/cake/libs/model/datasources/dbo/dbo_mysql.php, line 613]
2013-07-26 01:00:25 Warning: Warning (2): mysql_connect() [<a href='http://php.net/function.mysql-connect'>function.mysql-connect</a>]: Can't connect to local MySQL server through socket '/var/lib/mysql/mysql.sock' (2) in [/home/watersid/public_html/cake/libs/model/datasources/dbo/dbo_mysql.php, line 561]
2013-07-26 01:00:25 Warning: Warning (2): mysql_query() expects parameter 2 to be resource, boolean given in [/home/watersid/public_html/cake/libs/model/datasources/dbo/dbo_mysql.php, line 613]
2013-07-26 01:00:25 Warning: Warning (2): Cannot modify header information - headers already sent by (output started at /home/watersid/public_html/cake/libs/debugger.php:686) in [/home/watersid/public_html/cake/libs/controller/controller.php, line 742]
2013-08-09 16:21:52 Warning: Warning (2): mysql_connect() [<a href='http://php.net/function.mysql-connect'>function.mysql-connect</a>]: Too many connections in [/home/watersid/public_html/cake/libs/model/datasources/dbo/dbo_mysql.php, line 561]
2013-08-09 16:21:52 Warning: Warning (2): mysql_connect() [<a href='http://php.net/function.mysql-connect'>function.mysql-connect</a>]: Too many connections in [/home/watersid/public_html/cake/libs/model/datasources/dbo/dbo_mysql.php, line 561]
2013-08-09 16:21:54 Warning: Warning (2): mysql_query() expects parameter 2 to be resource, boolean given in [/home/watersid/public_html/cake/libs/model/datasources/dbo/dbo_mysql.php, line 613]
2013-08-09 16:21:54 Warning: Warning (2): mysql_query() expects parameter 2 to be resource, boolean given in [/home/watersid/public_html/cake/libs/model/datasources/dbo/dbo_mysql.php, line 613]
2013-08-09 16:21:54 Warning: Warning (2): Cannot modify header information - headers already sent by (output started at /home/watersid/public_html/cake/libs/debugger.php:686) in [/home/watersid/public_html/cake/libs/controller/controller.php, line 742]
2013-08-09 16:21:54 Warning: Warning (2): Cannot modify header information - headers already sent by (output started at /home/watersid/public_html/cake/libs/debugger.php:686) in [/home/watersid/public_html/cake/libs/controller/controller.php, line 742]
2013-08-09 16:24:15 Warning: Warning (2): mysql_connect() [<a href='http://php.net/function.mysql-connect'>function.mysql-connect</a>]: Too many connections in [/home/watersid/public_html/cake/libs/model/datasources/dbo/dbo_mysql.php, line 561]
2013-08-09 16:24:16 Warning: Warning (2): mysql_query() expects parameter 2 to be resource, boolean given in [/home/watersid/public_html/cake/libs/model/datasources/dbo/dbo_mysql.php, line 613]
2013-08-09 16:24:16 Warning: Warning (2): Cannot modify header information - headers already sent by (output started at /home/watersid/public_html/cake/libs/debugger.php:686) in [/home/watersid/public_html/cake/libs/controller/controller.php, line 742]
2013-08-09 15:49:09 Warning: Warning (2): mysql_connect() [<a href='http://php.net/function.mysql-connect'>function.mysql-connect</a>]: Can't connect to local MySQL server through socket '/var/lib/mysql/mysql.sock' (2) in [/home/watersid/public_html/cake/libs/model/datasources/dbo/dbo_mysql.php, line 561]
2013-08-09 15:49:09 Warning: Warning (2): mysql_query() expects parameter 2 to be resource, boolean given in [/home/watersid/public_html/cake/libs/model/datasources/dbo/dbo_mysql.php, line 613]
2013-08-09 15:49:09 Warning: Warning (2): Cannot modify header information - headers already sent by (output started at /home/watersid/public_html/cake/libs/debugger.php:686) in [/home/watersid/public_html/cake/libs/controller/controller.php, line 742]
2013-08-16 07:10:00 Warning: Warning (2): unlink(/home/watersid/public_html/app/tmp/cache/persistent/cake_core_default_en-gb) [<a href='http://php.net/function.unlink'>function.unlink</a>]: No such file or directory in [/home/watersid/public_html/cake/libs/file.php, line 298]
2013-08-21 13:55:00 Warning: Warning (2): unlink(/home/watersid/public_html/app/tmp/cache/persistent/cake_core_default_en-us) [<a href='http://php.net/function.unlink'>function.unlink</a>]: No such file or directory in [/home/watersid/public_html/cake/libs/file.php, line 298]
2013-09-05 16:35:52 Warning: Warning (512): <span style="color:Red;text-align:left"><b>SQL Error:</b> 2006: MySQL server has gone away</span> in [/home/watersid/public_html/cake/libs/model/datasources/dbo_source.php, line 684]
2013-09-05 16:35:52 Warning: Warning (2): Invalid argument supplied for foreach() in [/home/watersid/public_html/cake/libs/model/datasources/dbo/dbo_mysql.php, line 127]
2013-09-05 16:35:52 Warning: Warning (2): array_keys() expects parameter 1 to be array, boolean given in [/home/watersid/public_html/cake/libs/model/datasources/dbo_source.php, line 1965]
2013-09-05 16:35:52 Warning: Warning (2): array_keys() expects parameter 1 to be array, boolean given in [/home/watersid/public_html/cake/libs/model/datasources/dbo_source.php, line 1978]
2013-09-05 16:35:52 Warning: Warning (2): array_filter() expects parameter 1 to be array, null given in [/home/watersid/public_html/cake/libs/model/datasources/dbo_source.php, line 1982]
2013-09-05 16:35:52 Warning: Warning (2): array_values() expects parameter 1 to be array, null given in [/home/watersid/public_html/cake/libs/model/datasources/dbo_source.php, line 1982]
2013-09-05 16:35:52 Warning: Warning (2): array_unique() expects parameter 1 to be array, null given in [/home/watersid/public_html/cake/libs/model/datasources/dbo_source.php, line 2064]
2013-09-05 16:35:52 Warning: Warning (2): array_unique() expects parameter 1 to be array, null given in [/home/watersid/public_html/cake/libs/model/datasources/dbo_source.php, line 1250]
2013-09-05 16:35:52 Warning: Warning (2): implode() [<a href='http://php.net/function.implode'>function.implode</a>]: Invalid arguments passed in [/home/watersid/public_html/cake/libs/model/datasources/dbo_source.php, line 1472]
2013-09-05 16:35:53 Warning: Warning (2): Invalid argument supplied for foreach() in [/home/watersid/public_html/app/views/elements/aside-music.ctp, line 11]
2013-10-11 01:31:17 Warning: Warning (2): mysql_connect() [<a href='http://php.net/function.mysql-connect'>function.mysql-connect</a>]: Can't connect to local MySQL server through socket '/var/lib/mysql/mysql.sock' (2) in [/home/watersid/public_html/cake/libs/model/datasources/dbo/dbo_mysql.php, line 561]
2013-10-11 01:31:17 Warning: Warning (2): mysql_query() expects parameter 2 to be resource, boolean given in [/home/watersid/public_html/cake/libs/model/datasources/dbo/dbo_mysql.php, line 613]
2013-10-11 01:31:17 Warning: Warning (2): Cannot modify header information - headers already sent by (output started at /home/watersid/public_html/cake/libs/debugger.php:686) in [/home/watersid/public_html/cake/libs/controller/controller.php, line 742]
2013-11-10 17:55:59 Warning: Warning (2): mysql_connect() [<a href='http://php.net/function.mysql-connect'>function.mysql-connect</a>]: Can't connect to local MySQL server through socket '/var/lib/mysql/mysql.sock' (11) in [/home/watersid/public_html/cake/libs/model/datasources/dbo/dbo_mysql.php, line 561]
2013-11-10 17:56:06 Warning: Warning (2): mysql_query() expects parameter 2 to be resource, boolean given in [/home/watersid/public_html/cake/libs/model/datasources/dbo/dbo_mysql.php, line 613]
2013-11-10 17:56:08 Warning: Warning (2): Cannot modify header information - headers already sent by (output started at /home/watersid/public_html/cake/libs/debugger.php:686) in [/home/watersid/public_html/cake/libs/controller/controller.php, line 742]
2013-11-10 18:04:58 Warning: Warning (2): mysql_connect() [<a href='http://php.net/function.mysql-connect'>function.mysql-connect</a>]: Can't connect to local MySQL server through socket '/var/lib/mysql/mysql.sock' (11) in [/home/watersid/public_html/cake/libs/model/datasources/dbo/dbo_mysql.php, line 561]
2013-11-10 18:05:01 Warning: Warning (2): mysql_query() expects parameter 2 to be resource, boolean given in [/home/watersid/public_html/cake/libs/model/datasources/dbo/dbo_mysql.php, line 613]
2013-11-10 18:05:03 Warning: Warning (2): Cannot modify header information - headers already sent by (output started at /home/watersid/public_html/cake/libs/debugger.php:686) in [/home/watersid/public_html/cake/libs/controller/controller.php, line 742]
2013-12-02 11:37:07 Warning: Warning (2): mysql_connect() [<a href='http://php.net/function.mysql-connect'>function.mysql-connect</a>]: Too many connections in [/home/watersid/public_html/cake/libs/model/datasources/dbo/dbo_mysql.php, line 561]
2013-12-02 11:37:08 Warning: Warning (2): mysql_query() expects parameter 2 to be resource, boolean given in [/home/watersid/public_html/cake/libs/model/datasources/dbo/dbo_mysql.php, line 613]
2014-04-11 01:15:36 Warning: Warning (2): mysql_connect() [<a href='http://php.net/function.mysql-connect'>function.mysql-connect</a>]: Too many connections in [/home/watersid/public_html/cake/libs/model/datasources/dbo/dbo_mysql.php, line 561]
2014-04-11 01:15:36 Warning: Warning (2): mysql_query() expects parameter 2 to be resource, boolean given in [/home/watersid/public_html/cake/libs/model/datasources/dbo/dbo_mysql.php, line 613]
2014-04-11 01:15:36 Warning: Warning (2): Cannot modify header information - headers already sent by (output started at /home/watersid/public_html/cake/libs/debugger.php:686) in [/home/watersid/public_html/cake/libs/controller/controller.php, line 742]
2014-04-11 01:15:44 Warning: Warning (2): mysql_connect() [<a href='http://php.net/function.mysql-connect'>function.mysql-connect</a>]: Too many connections in [/home/watersid/public_html/cake/libs/model/datasources/dbo/dbo_mysql.php, line 561]
2014-04-11 01:15:44 Warning: Warning (2): mysql_query() expects parameter 2 to be resource, boolean given in [/home/watersid/public_html/cake/libs/model/datasources/dbo/dbo_mysql.php, line 613]
2014-04-11 01:15:44 Warning: Warning (2): Cannot modify header information - headers already sent by (output started at /home/watersid/public_html/cake/libs/debugger.php:686) in [/home/watersid/public_html/cake/libs/controller/controller.php, line 742]
2014-04-11 01:16:09 Warning: Warning (2): mysql_connect() [<a href='http://php.net/function.mysql-connect'>function.mysql-connect</a>]: Too many connections in [/home/watersid/public_html/cake/libs/model/datasources/dbo/dbo_mysql.php, line 561]
2014-04-11 01:16:09 Warning: Warning (2): mysql_query() expects parameter 2 to be resource, boolean given in [/home/watersid/public_html/cake/libs/model/datasources/dbo/dbo_mysql.php, line 613]
2014-04-11 01:16:09 Warning: Warning (2): Cannot modify header information - headers already sent by (output started at /home/watersid/public_html/cake/libs/debugger.php:686) in [/home/watersid/public_html/cake/libs/controller/controller.php, line 742]
2014-04-11 01:16:14 Warning: Warning (2): mysql_connect() [<a href='http://php.net/function.mysql-connect'>function.mysql-connect</a>]: Too many connections in [/home/watersid/public_html/cake/libs/model/datasources/dbo/dbo_mysql.php, line 561]
2014-04-11 01:16:14 Warning: Warning (2): mysql_query() expects parameter 2 to be resource, boolean given in [/home/watersid/public_html/cake/libs/model/datasources/dbo/dbo_mysql.php, line 613]
2014-04-11 01:16:14 Warning: Warning (2): Cannot modify header information - headers already sent by (output started at /home/watersid/public_html/cake/libs/debugger.php:686) in [/home/watersid/public_html/cake/libs/controller/controller.php, line 742]
2014-05-14 14:02:03 Warning: Warning (2): mysql_connect() [<a href='http://php.net/function.mysql-connect'>function.mysql-connect</a>]: Can't connect to local MySQL server through socket '/var/lib/mysql/mysql.sock' (11) in [/home/watersid/public_html/cake/libs/model/datasources/dbo/dbo_mysql.php, line 561]
2014-05-14 14:02:04 Warning: Warning (2): mysql_query() expects parameter 2 to be resource, boolean given in [/home/watersid/public_html/cake/libs/model/datasources/dbo/dbo_mysql.php, line 613]
2014-05-14 14:02:04 Warning: Warning (2): Cannot modify header information - headers already sent by (output started at /home/watersid/public_html/cake/libs/debugger.php:686) in [/home/watersid/public_html/cake/libs/controller/controller.php, line 742]
2014-07-10 11:50:52 Warning: Warning (2): mysql_connect() [<a href='http://php.net/function.mysql-connect'>function.mysql-connect</a>]: Can't connect to local MySQL server through socket '/var/lib/mysql/mysql.sock' (11) in [/home/watersid/public_html/cake/libs/model/datasources/dbo/dbo_mysql.php, line 561]
2014-07-10 11:50:56 Warning: Warning (2): mysql_query() expects parameter 2 to be resource, boolean given in [/home/watersid/public_html/cake/libs/model/datasources/dbo/dbo_mysql.php, line 613]
2014-07-10 11:50:56 Warning: Warning (2): Cannot modify header information - headers already sent by (output started at /home/watersid/public_html/cake/libs/debugger.php:686) in [/home/watersid/public_html/cake/libs/controller/controller.php, line 742]
2014-07-10 12:02:45 Warning: Warning (2): mysql_connect() [<a href='http://php.net/function.mysql-connect'>function.mysql-connect</a>]: Can't connect to local MySQL server through socket '/var/lib/mysql/mysql.sock' (2) in [/home/watersid/public_html/cake/libs/model/datasources/dbo/dbo_mysql.php, line 561]
2014-07-10 12:02:45 Warning: Warning (2): mysql_query() expects parameter 2 to be resource, boolean given in [/home/watersid/public_html/cake/libs/model/datasources/dbo/dbo_mysql.php, line 613]
2014-07-10 12:02:45 Warning: Warning (2): Cannot modify header information - headers already sent by (output started at /home/watersid/public_html/cake/libs/debugger.php:686) in [/home/watersid/public_html/cake/libs/controller/controller.php, line 742]
2014-07-21 12:34:24 Warning: Warning (2): mysql_connect() [<a href='http://php.net/function.mysql-connect'>function.mysql-connect</a>]: Can't connect to local MySQL server through socket '/var/lib/mysql/mysql.sock' (11) in [/home/watersid/public_html/cake/libs/model/datasources/dbo/dbo_mysql.php, line 561]
2014-07-21 12:34:24 Warning: Warning (2): mysql_connect() [<a href='http://php.net/function.mysql-connect'>function.mysql-connect</a>]: Can't connect to local MySQL server through socket '/var/lib/mysql/mysql.sock' (11) in [/home/watersid/public_html/cake/libs/model/datasources/dbo/dbo_mysql.php, line 561]
2014-07-21 12:34:24 Warning: Warning (2): mysql_connect() [<a href='http://php.net/function.mysql-connect'>function.mysql-connect</a>]: Can't connect to local MySQL server through socket '/var/lib/mysql/mysql.sock' (11) in [/home/watersid/public_html/cake/libs/model/datasources/dbo/dbo_mysql.php, line 561]
2014-07-21 12:34:24 Warning: Warning (2): mysql_connect() [<a href='http://php.net/function.mysql-connect'>function.mysql-connect</a>]: Can't connect to local MySQL server through socket '/var/lib/mysql/mysql.sock' (11) in [/home/watersid/public_html/cake/libs/model/datasources/dbo/dbo_mysql.php, line 561]
2014-07-21 12:34:24 Warning: Warning (2): mysql_connect() [<a href='http://php.net/function.mysql-connect'>function.mysql-connect</a>]: Can't connect to local MySQL server through socket '/var/lib/mysql/mysql.sock' (11) in [/home/watersid/public_html/cake/libs/model/datasources/dbo/dbo_mysql.php, line 561]
2014-07-21 12:34:24 Warning: Warning (2): mysql_connect() [<a href='http://php.net/function.mysql-connect'>function.mysql-connect</a>]: Can't connect to local MySQL server through socket '/var/lib/mysql/mysql.sock' (11) in [/home/watersid/public_html/cake/libs/model/datasources/dbo/dbo_mysql.php, line 561]
2014-07-21 12:34:24 Warning: Warning (2): mysql_connect() [<a href='http://php.net/function.mysql-connect'>function.mysql-connect</a>]: Can't connect to local MySQL server through socket '/var/lib/mysql/mysql.sock' (11) in [/home/watersid/public_html/cake/libs/model/datasources/dbo/dbo_mysql.php, line 561]
2014-07-21 12:34:24 Warning: Warning (2): mysql_connect() [<a href='http://php.net/function.mysql-connect'>function.mysql-connect</a>]: Can't connect to local MySQL server through socket '/var/lib/mysql/mysql.sock' (11) in [/home/watersid/public_html/cake/libs/model/datasources/dbo/dbo_mysql.php, line 561]
2014-07-21 12:34:24 Warning: Warning (2): mysql_connect() [<a href='http://php.net/function.mysql-connect'>function.mysql-connect</a>]: Can't connect to local MySQL server through socket '/var/lib/mysql/mysql.sock' (11) in [/home/watersid/public_html/cake/libs/model/datasources/dbo/dbo_mysql.php, line 561]
2014-07-21 12:34:24 Warning: Warning (2): mysql_connect() [<a href='http://php.net/function.mysql-connect'>function.mysql-connect</a>]: Can't connect to local MySQL server through socket '/var/lib/mysql/mysql.sock' (11) in [/home/watersid/public_html/cake/libs/model/datasources/dbo/dbo_mysql.php, line 561]
2014-07-21 12:34:24 Warning: Warning (2): mysql_connect() [<a href='http://php.net/function.mysql-connect'>function.mysql-connect</a>]: Can't connect to local MySQL server through socket '/var/lib/mysql/mysql.sock' (11) in [/home/watersid/public_html/cake/libs/model/datasources/dbo/dbo_mysql.php, line 561]
2014-07-21 12:34:27 Warning: Warning (2): mysql_query() expects parameter 2 to be resource, boolean given in [/home/watersid/public_html/cake/libs/model/datasources/dbo/dbo_mysql.php, line 613]
2014-07-21 12:34:27 Warning: Warning (2): mysql_query() expects parameter 2 to be resource, boolean given in [/home/watersid/public_html/cake/libs/model/datasources/dbo/dbo_mysql.php, line 613]
2014-07-21 12:34:27 Warning: Warning (2): mysql_query() expects parameter 2 to be resource, boolean given in [/home/watersid/public_html/cake/libs/model/datasources/dbo/dbo_mysql.php, line 613]
2014-07-21 12:34:27 Warning: Warning (2): mysql_query() expects parameter 2 to be resource, boolean given in [/home/watersid/public_html/cake/libs/model/datasources/dbo/dbo_mysql.php, line 613]
2014-07-21 12:34:27 Warning: Warning (2): mysql_query() expects parameter 2 to be resource, boolean given in [/home/watersid/public_html/cake/libs/model/datasources/dbo/dbo_mysql.php, line 613]
2014-07-21 12:34:27 Warning: Warning (2): mysql_query() expects parameter 2 to be resource, boolean given in [/home/watersid/public_html/cake/libs/model/datasources/dbo/dbo_mysql.php, line 613]
2014-07-21 12:34:27 Warning: Warning (2): mysql_query() expects parameter 2 to be resource, boolean given in [/home/watersid/public_html/cake/libs/model/datasources/dbo/dbo_mysql.php, line 613]
2014-07-21 12:34:27 Warning: Warning (2): mysql_query() expects parameter 2 to be resource, boolean given in [/home/watersid/public_html/cake/libs/model/datasources/dbo/dbo_mysql.php, line 613]
2014-07-21 12:34:27 Warning: Warning (2): mysql_query() expects parameter 2 to be resource, boolean given in [/home/watersid/public_html/cake/libs/model/datasources/dbo/dbo_mysql.php, line 613]
2014-07-21 12:34:27 Warning: Warning (2): mysql_query() expects parameter 2 to be resource, boolean given in [/home/watersid/public_html/cake/libs/model/datasources/dbo/dbo_mysql.php, line 613]
2014-07-21 12:34:27 Warning: Warning (2): mysql_query() expects parameter 2 to be resource, boolean given in [/home/watersid/public_html/cake/libs/model/datasources/dbo/dbo_mysql.php, line 613]
2014-07-21 12:34:30 Warning: Warning (2): Cannot modify header information - headers already sent by (output started at /home/watersid/public_html/cake/libs/debugger.php:686) in [/home/watersid/public_html/cake/libs/controller/controller.php, line 742]
2014-07-21 12:34:30 Warning: Warning (2): Cannot modify header information - headers already sent by (output started at /home/watersid/public_html/cake/libs/debugger.php:686) in [/home/watersid/public_html/cake/libs/controller/controller.php, line 742]
2014-07-21 12:34:30 Warning: Warning (2): Cannot modify header information - headers already sent by (output started at /home/watersid/public_html/cake/libs/debugger.php:686) in [/home/watersid/public_html/cake/libs/controller/controller.php, line 742]
2014-07-21 12:34:30 Warning: Warning (2): Cannot modify header information - headers already sent by (output started at /home/watersid/public_html/cake/libs/debugger.php:686) in [/home/watersid/public_html/cake/libs/controller/controller.php, line 742]
2014-07-21 12:34:30 Warning: Warning (2): Cannot modify header information - headers already sent by (output started at /home/watersid/public_html/cake/libs/debugger.php:686) in [/home/watersid/public_html/cake/libs/controller/controller.php, line 742]
2014-07-21 12:34:30 Warning: Warning (2): Cannot modify header information - headers already sent by (output started at /home/watersid/public_html/cake/libs/debugger.php:686) in [/home/watersid/public_html/cake/libs/controller/controller.php, line 742]
2014-07-21 12:34:30 Warning: Warning (2): Cannot modify header information - headers already sent by (output started at /home/watersid/public_html/cake/libs/debugger.php:686) in [/home/watersid/public_html/cake/libs/controller/controller.php, line 742]
2014-07-21 12:34:30 Warning: Warning (2): Cannot modify header information - headers already sent by (output started at /home/watersid/public_html/cake/libs/debugger.php:686) in [/home/watersid/public_html/cake/libs/controller/controller.php, line 742]
2014-07-21 12:34:30 Warning: Warning (2): Cannot modify header information - headers already sent by (output started at /home/watersid/public_html/cake/libs/debugger.php:686) in [/home/watersid/public_html/cake/libs/controller/controller.php, line 742]
2014-07-21 12:34:30 Warning: Warning (2): Cannot modify header information - headers already sent by (output started at /home/watersid/public_html/cake/libs/debugger.php:686) in [/home/watersid/public_html/cake/libs/controller/controller.php, line 742]
2014-07-21 12:34:30 Warning: Warning (2): Cannot modify header information - headers already sent by (output started at /home/watersid/public_html/cake/libs/debugger.php:686) in [/home/watersid/public_html/cake/libs/controller/controller.php, line 742]
2014-08-05 14:46:48 Warning: Warning (2): mysql_connect() [<a href='http://php.net/function.mysql-connect'>function.mysql-connect</a>]: Can't connect to local MySQL server through socket '/var/lib/mysql/mysql.sock' (2) in [/home/watersid/public_html/cake/libs/model/datasources/dbo/dbo_mysql.php, line 561]
2014-08-05 14:46:49 Warning: Warning (2): mysql_query() expects parameter 2 to be resource, boolean given in [/home/watersid/public_html/cake/libs/model/datasources/dbo/dbo_mysql.php, line 613]
2014-08-05 14:46:49 Warning: Warning (2): Cannot modify header information - headers already sent by (output started at /home/watersid/public_html/cake/libs/debugger.php:686) in [/home/watersid/public_html/cake/libs/controller/controller.php, line 742]
2014-08-05 14:47:00 Warning: Warning (2): mysql_connect() [<a href='http://php.net/function.mysql-connect'>function.mysql-connect</a>]: Can't connect to local MySQL server through socket '/var/lib/mysql/mysql.sock' (2) in [/home/watersid/public_html/cake/libs/model/datasources/dbo/dbo_mysql.php, line 561]
2014-08-05 14:47:00 Warning: Warning (2): mysql_query() expects parameter 2 to be resource, boolean given in [/home/watersid/public_html/cake/libs/model/datasources/dbo/dbo_mysql.php, line 613]
2014-08-05 14:47:00 Warning: Warning (2): Cannot modify header information - headers already sent by (output started at /home/watersid/public_html/cake/libs/debugger.php:686) in [/home/watersid/public_html/cake/libs/controller/controller.php, line 742]
2014-08-05 15:01:06 Warning: Warning (512): <span style="color:Red;text-align:left"><b>SQL Error:</b> 2013: Lost connection to MySQL server during query</span> in [/home/watersid/public_html/cake/libs/model/datasources/dbo_source.php, line 684]
2014-08-05 15:01:10 Warning: Warning (2): Invalid argument supplied for foreach() in [/home/watersid/public_html/cake/libs/model/datasources/dbo/dbo_mysql.php, line 127]
2014-08-05 15:01:12 Warning: Warning (512): <span style="color:Red;text-align:left"><b>SQL Error:</b> 2006: MySQL server has gone away</span> in [/home/watersid/public_html/cake/libs/model/datasources/dbo_source.php, line 684]
2014-08-05 15:01:12 Warning: Warning (2): array_keys() expects parameter 1 to be array, boolean given in [/home/watersid/public_html/cake/libs/model/datasources/dbo_source.php, line 1965]
2014-08-05 15:01:12 Warning: Warning (2): array_keys() expects parameter 1 to be array, boolean given in [/home/watersid/public_html/cake/libs/model/datasources/dbo_source.php, line 1978]
2014-08-05 15:01:12 Warning: Warning (2): array_filter() expects parameter 1 to be array, null given in [/home/watersid/public_html/cake/libs/model/datasources/dbo_source.php, line 1982]
2014-08-05 15:01:12 Warning: Warning (2): array_values() expects parameter 1 to be array, null given in [/home/watersid/public_html/cake/libs/model/datasources/dbo_source.php, line 1982]
2014-08-05 15:01:12 Warning: Warning (2): array_unique() expects parameter 1 to be array, null given in [/home/watersid/public_html/cake/libs/model/datasources/dbo_source.php, line 2064]
2014-08-05 15:01:12 Warning: Warning (2): array_unique() expects parameter 1 to be array, null given in [/home/watersid/public_html/cake/libs/model/datasources/dbo_source.php, line 1250]
2014-08-05 15:01:12 Warning: Warning (2): implode() [<a href='http://php.net/function.implode'>function.implode</a>]: Invalid arguments passed in [/home/watersid/public_html/cake/libs/model/datasources/dbo_source.php, line 1472]
2014-08-05 15:01:16 Warning: Warning (2): Invalid argument supplied for foreach() in [/home/watersid/public_html/app/views/elements/aside-music.ctp, line 11]
2015-01-23 02:18:16 Warning: Warning (2): mysql_connect() [<a href='http://php.net/function.mysql-connect'>function.mysql-connect</a>]: Lost connection to MySQL server at 'waiting for initial communication packet', system error: 95 in [/home/watersid/public_html/cake/libs/model/datasources/dbo/dbo_mysql.php, line 561]
2015-01-23 02:18:43 Warning: Warning (2): mysql_query() expects parameter 2 to be resource, boolean given in [/home/watersid/public_html/cake/libs/model/datasources/dbo/dbo_mysql.php, line 613]
2015-02-15 13:31:50 Warning: Warning (2): mysql_connect() [<a href='http://php.net/function.mysql-connect'>function.mysql-connect</a>]: Can't connect to local MySQL server through socket '/var/lib/mysql/mysql.sock' (11) in [/home/watersid/public_html/cake/libs/model/datasources/dbo/dbo_mysql.php, line 561]
2015-02-15 13:31:51 Warning: Warning (2): mysql_query() expects parameter 2 to be resource, boolean given in [/home/watersid/public_html/cake/libs/model/datasources/dbo/dbo_mysql.php, line 613]
2015-02-15 13:31:53 Warning: Warning (2): Cannot modify header information - headers already sent by (output started at /home/watersid/public_html/cake/libs/debugger.php:686) in [/home/watersid/public_html/cake/libs/controller/controller.php, line 742]
2015-04-13 02:43:26 Warning: Warning (2): mysql_connect() [<a href='http://php.net/function.mysql-connect'>function.mysql-connect</a>]: Too many connections in [/home/watersid/public_html/cake/libs/model/datasources/dbo/dbo_mysql.php, line 561]
2015-04-13 02:43:27 Warning: Warning (2): mysql_query() expects parameter 2 to be resource, boolean given in [/home/watersid/public_html/cake/libs/model/datasources/dbo/dbo_mysql.php, line 613]
2015-04-13 02:43:36 Warning: Warning (2): Cannot modify header information - headers already sent by (output started at /home/watersid/public_html/cake/libs/debugger.php:686) in [/home/watersid/public_html/cake/libs/controller/controller.php, line 742]
2015-04-13 02:49:10 Warning: Warning (2): mysql_connect() [<a href='http://php.net/function.mysql-connect'>function.mysql-connect</a>]: Too many connections in [/home/watersid/public_html/cake/libs/model/datasources/dbo/dbo_mysql.php, line 561]
2015-04-13 02:49:11 Warning: Warning (2): mysql_query() expects parameter 2 to be resource, boolean given in [/home/watersid/public_html/cake/libs/model/datasources/dbo/dbo_mysql.php, line 613]
2015-04-13 02:49:12 Warning: Warning (2): Cannot modify header information - headers already sent by (output started at /home/watersid/public_html/cake/libs/debugger.php:686) in [/home/watersid/public_html/cake/libs/controller/controller.php, line 742]
2015-06-22 01:45:19 Warning: Warning (512): <span style="color:Red;text-align:left"><b>SQL Error:</b> 2006: MySQL server has gone away</span> in [/home/watersid/public_html/cake/libs/model/datasources/dbo_source.php, line 684]
2015-06-22 01:45:39 Warning: Warning (2): Invalid argument supplied for foreach() in [/home/watersid/public_html/app/views/elements/aside-music.ctp, line 11]
2015-07-13 01:37:54 Warning: Warning (2): mysql_connect() [<a href='http://php.net/function.mysql-connect'>function.mysql-connect</a>]: Too many connections in [/home/watersid/public_html/cake/libs/model/datasources/dbo/dbo_mysql.php, line 561]
2015-07-13 01:37:57 Warning: Warning (2): mysql_query() expects parameter 2 to be resource, boolean given in [/home/watersid/public_html/cake/libs/model/datasources/dbo/dbo_mysql.php, line 613]
2015-07-13 01:37:58 Warning: Warning (2): Cannot modify header information - headers already sent by (output started at /home/watersid/public_html/cake/libs/debugger.php:686) in [/home/watersid/public_html/cake/libs/controller/controller.php, line 742]
